<?xml version="1.0" encoding="UTF-8"?>
<!-- Generated by org.testng.reporters.JUnitXMLReporter -->
<testsuite hostname="Abdou-PC" name=" End to End" tests="3" failures="0" timestamp="14 Jun 2020 02:07:52 GMT" time="4.576" errors="0">
  <testcase name="@BeforeMethod startMethodTest" time="0.0" classname="com.selenium.xml.LoginPage">
    <failure type="org.openqa.selenium.SessionNotCreatedException" message="session not created: This version of ChromeDriver only supports Chrome version 81
Build info: version: &amp;apos;3.141.59&amp;apos;, revision: &amp;apos;e82be7d358&amp;apos;, time: &amp;apos;2018-11-14T08:25:53&amp;apos;
System info: host: &amp;apos;ABDOU-PC&amp;apos;, ip: &amp;apos;169.254.158.117&amp;apos;, os.name: &amp;apos;Windows 7&amp;apos;, os.arch: &amp;apos;amd64&amp;apos;, os.version: &amp;apos;6.1&amp;apos;, java.version: &amp;apos;1.8.0_131&amp;apos;
Driver info: driver.version: ChromeDriver
remote stacktrace: Backtrace:
	Ordinal0 [0x002F5E93+2449043]
	Ordinal0 [0x00228281+1606273]
	Ordinal0 [0x0011F889+522377]
	Ordinal0 [0x000B05F3+67059]
	Ordinal0 [0x000ACD92+52626]
	Ordinal0 [0x000CC127+180519]
	Ordinal0 [0x000CBF2D+180013]
	Ordinal0 [0x000C9E5B+171611]
	Ordinal0 [0x000B1DD8+73176]
	Ordinal0 [0x000B2E50+77392]
	Ordinal0 [0x000B2DE9+77289]
	Ordinal0 [0x0023D7F7+1693687]
	GetHandleVerifier [0x00394576+522742]
	GetHandleVerifier [0x003942B4+522036]
	GetHandleVerifier [0x003A9587+608775]
	GetHandleVerifier [0x00394DE6+524902]
	Ordinal0 [0x00235BDC+1661916]
	Ordinal0 [0x0023F15B+1700187]
	Ordinal0 [0x0023F2C3+1700547]
	Ordinal0 [0x00255135+1790261]
	BaseThreadInitThunk [0x7690343D+18]
	RtlInitializeExceptionChain [0x77099802+99]
	RtlInitializeExceptionChain [0x770997D5+54]
">
      <![CDATA[org.openqa.selenium.SessionNotCreatedException: session not created: This version of ChromeDriver only supports Chrome version 81
Build info: version: '3.141.59', revision: 'e82be7d358', time: '2018-11-14T08:25:53'
System info: host: 'ABDOU-PC', ip: '169.254.158.117', os.name: 'Windows 7', os.arch: 'amd64', os.version: '6.1', java.version: '1.8.0_131'
Driver info: driver.version: ChromeDriver
remote stacktrace: Backtrace:
	Ordinal0 [0x002F5E93+2449043]
	Ordinal0 [0x00228281+1606273]
	Ordinal0 [0x0011F889+522377]
	Ordinal0 [0x000B05F3+67059]
	Ordinal0 [0x000ACD92+52626]
	Ordinal0 [0x000CC127+180519]
	Ordinal0 [0x000CBF2D+180013]
	Ordinal0 [0x000C9E5B+171611]
	Ordinal0 [0x000B1DD8+73176]
	Ordinal0 [0x000B2E50+77392]
	Ordinal0 [0x000B2DE9+77289]
	Ordinal0 [0x0023D7F7+1693687]
	GetHandleVerifier [0x00394576+522742]
	GetHandleVerifier [0x003942B4+522036]
	GetHandleVerifier [0x003A9587+608775]
	GetHandleVerifier [0x00394DE6+524902]
	Ordinal0 [0x00235BDC+1661916]
	Ordinal0 [0x0023F15B+1700187]
	Ordinal0 [0x0023F2C3+1700547]
	Ordinal0 [0x00255135+1790261]
	BaseThreadInitThunk [0x7690343D+18]
	RtlInitializeExceptionChain [0x77099802+99]
	RtlInitializeExceptionChain [0x770997D5+54]

	at org.openqa.selenium.remote.W3CHandshakeResponse.lambda$errorHandler$0(W3CHandshakeResponse.java:62)
	at org.openqa.selenium.remote.HandshakeResponse.lambda$getResponseFunction$0(HandshakeResponse.java:30)
	at org.openqa.selenium.remote.ProtocolHandshake.lambda$createSession$0(ProtocolHandshake.java:126)
	at java.util.stream.ReferencePipeline$3$1.accept(Unknown Source)
	at java.util.Spliterators$ArraySpliterator.tryAdvance(Unknown Source)
	at java.util.stream.ReferencePipeline.forEachWithCancel(Unknown Source)
	at java.util.stream.AbstractPipeline.copyIntoWithCancel(Unknown Source)
	at java.util.stream.AbstractPipeline.copyInto(Unknown Source)
	at java.util.stream.AbstractPipeline.wrapAndCopyInto(Unknown Source)
	at java.util.stream.FindOps$FindOp.evaluateSequential(Unknown Source)
	at java.util.stream.AbstractPipeline.evaluate(Unknown Source)
	at java.util.stream.ReferencePipeline.findFirst(Unknown Source)
	at org.openqa.selenium.remote.ProtocolHandshake.createSession(ProtocolHandshake.java:128)
	at org.openqa.selenium.remote.ProtocolHandshake.createSession(ProtocolHandshake.java:74)
	at org.openqa.selenium.remote.HttpCommandExecutor.execute(HttpCommandExecutor.java:136)
	at org.openqa.selenium.remote.service.DriverCommandExecutor.execute(DriverCommandExecutor.java:83)
	at org.openqa.selenium.remote.RemoteWebDriver.execute(RemoteWebDriver.java:552)
	at org.openqa.selenium.remote.RemoteWebDriver.startSession(RemoteWebDriver.java:213)
	at org.openqa.selenium.remote.RemoteWebDriver.<init>(RemoteWebDriver.java:131)
	at org.openqa.selenium.chrome.ChromeDriver.<init>(ChromeDriver.java:181)
	at org.openqa.selenium.chrome.ChromeDriver.<init>(ChromeDriver.java:168)
	at org.openqa.selenium.chrome.ChromeDriver.<init>(ChromeDriver.java:123)
	at com.selenium.base.TestBasic.initilzation(TestBasic.java:25)
	at com.selenium.xml.LoginPage.startMethodTest(LoginPage.java:82)
... Removed 30 stack frames]]>
    </failure>
  </testcase> <!-- @BeforeMethod startMethodTest -->
  <testcase name="@AfterMethod endMethodTest" time="0.0" classname="com.selenium.xml.LoginPage">
    <skipped/>
  </testcase> <!-- @AfterMethod endMethodTest -->
  <testcase name="@BeforeMethod startMethodTest" time="0.0" classname="com.selenium.xml.HomePage">
    <failure type="org.openqa.selenium.SessionNotCreatedException" message="session not created: This version of ChromeDriver only supports Chrome version 81
Build info: version: &amp;apos;3.141.59&amp;apos;, revision: &amp;apos;e82be7d358&amp;apos;, time: &amp;apos;2018-11-14T08:25:53&amp;apos;
System info: host: &amp;apos;ABDOU-PC&amp;apos;, ip: &amp;apos;169.254.158.117&amp;apos;, os.name: &amp;apos;Windows 7&amp;apos;, os.arch: &amp;apos;amd64&amp;apos;, os.version: &amp;apos;6.1&amp;apos;, java.version: &amp;apos;1.8.0_131&amp;apos;
Driver info: driver.version: ChromeDriver
remote stacktrace: Backtrace:
	Ordinal0 [0x002F5E93+2449043]
	Ordinal0 [0x00228281+1606273]
	Ordinal0 [0x0011F889+522377]
	Ordinal0 [0x000B05F3+67059]
	Ordinal0 [0x000ACD92+52626]
	Ordinal0 [0x000CC127+180519]
	Ordinal0 [0x000CBF2D+180013]
	Ordinal0 [0x000C9E5B+171611]
	Ordinal0 [0x000B1DD8+73176]
	Ordinal0 [0x000B2E50+77392]
	Ordinal0 [0x000B2DE9+77289]
	Ordinal0 [0x0023D7F7+1693687]
	GetHandleVerifier [0x00394576+522742]
	GetHandleVerifier [0x003942B4+522036]
	GetHandleVerifier [0x003A9587+608775]
	GetHandleVerifier [0x00394DE6+524902]
	Ordinal0 [0x00235BDC+1661916]
	Ordinal0 [0x0023F15B+1700187]
	Ordinal0 [0x0023F2C3+1700547]
	Ordinal0 [0x00255135+1790261]
	BaseThreadInitThunk [0x7690343D+18]
	RtlInitializeExceptionChain [0x77099802+99]
	RtlInitializeExceptionChain [0x770997D5+54]
">
      <![CDATA[org.openqa.selenium.SessionNotCreatedException: session not created: This version of ChromeDriver only supports Chrome version 81
Build info: version: '3.141.59', revision: 'e82be7d358', time: '2018-11-14T08:25:53'
System info: host: 'ABDOU-PC', ip: '169.254.158.117', os.name: 'Windows 7', os.arch: 'amd64', os.version: '6.1', java.version: '1.8.0_131'
Driver info: driver.version: ChromeDriver
remote stacktrace: Backtrace:
	Ordinal0 [0x002F5E93+2449043]
	Ordinal0 [0x00228281+1606273]
	Ordinal0 [0x0011F889+522377]
	Ordinal0 [0x000B05F3+67059]
	Ordinal0 [0x000ACD92+52626]
	Ordinal0 [0x000CC127+180519]
	Ordinal0 [0x000CBF2D+180013]
	Ordinal0 [0x000C9E5B+171611]
	Ordinal0 [0x000B1DD8+73176]
	Ordinal0 [0x000B2E50+77392]
	Ordinal0 [0x000B2DE9+77289]
	Ordinal0 [0x0023D7F7+1693687]
	GetHandleVerifier [0x00394576+522742]
	GetHandleVerifier [0x003942B4+522036]
	GetHandleVerifier [0x003A9587+608775]
	GetHandleVerifier [0x00394DE6+524902]
	Ordinal0 [0x00235BDC+1661916]
	Ordinal0 [0x0023F15B+1700187]
	Ordinal0 [0x0023F2C3+1700547]
	Ordinal0 [0x00255135+1790261]
	BaseThreadInitThunk [0x7690343D+18]
	RtlInitializeExceptionChain [0x77099802+99]
	RtlInitializeExceptionChain [0x770997D5+54]

	at org.openqa.selenium.remote.W3CHandshakeResponse.lambda$errorHandler$0(W3CHandshakeResponse.java:62)
	at org.openqa.selenium.remote.HandshakeResponse.lambda$getResponseFunction$0(HandshakeResponse.java:30)
	at org.openqa.selenium.remote.ProtocolHandshake.lambda$createSession$0(ProtocolHandshake.java:126)
	at java.util.stream.ReferencePipeline$3$1.accept(Unknown Source)
	at java.util.Spliterators$ArraySpliterator.tryAdvance(Unknown Source)
	at java.util.stream.ReferencePipeline.forEachWithCancel(Unknown Source)
	at java.util.stream.AbstractPipeline.copyIntoWithCancel(Unknown Source)
	at java.util.stream.AbstractPipeline.copyInto(Unknown Source)
	at java.util.stream.AbstractPipeline.wrapAndCopyInto(Unknown Source)
	at java.util.stream.FindOps$FindOp.evaluateSequential(Unknown Source)
	at java.util.stream.AbstractPipeline.evaluate(Unknown Source)
	at java.util.stream.ReferencePipeline.findFirst(Unknown Source)
	at org.openqa.selenium.remote.ProtocolHandshake.createSession(ProtocolHandshake.java:128)
	at org.openqa.selenium.remote.ProtocolHandshake.createSession(ProtocolHandshake.java:74)
	at org.openqa.selenium.remote.HttpCommandExecutor.execute(HttpCommandExecutor.java:136)
	at org.openqa.selenium.remote.service.DriverCommandExecutor.execute(DriverCommandExecutor.java:83)
	at org.openqa.selenium.remote.RemoteWebDriver.execute(RemoteWebDriver.java:552)
	at org.openqa.selenium.remote.RemoteWebDriver.startSession(RemoteWebDriver.java:213)
	at org.openqa.selenium.remote.RemoteWebDriver.<init>(RemoteWebDriver.java:131)
	at org.openqa.selenium.chrome.ChromeDriver.<init>(ChromeDriver.java:181)
	at org.openqa.selenium.chrome.ChromeDriver.<init>(ChromeDriver.java:168)
	at org.openqa.selenium.chrome.ChromeDriver.<init>(ChromeDriver.java:123)
	at com.selenium.base.TestBasic.initilzation(TestBasic.java:25)
	at com.selenium.xml.HomePage.startMethodTest(HomePage.java:51)
... Removed 30 stack frames]]>
    </failure>
  </testcase> <!-- @BeforeMethod startMethodTest -->
  <testcase name="@AfterMethod endMethodTest" time="0.0" classname="com.selenium.xml.HomePage">
    <skipped/>
  </testcase> <!-- @AfterMethod endMethodTest -->
  <testcase name="@BeforeMethod startMethodTest" time="0.0" classname="com.selenium.xml.HomePage">
    <skipped/>
  </testcase> <!-- @BeforeMethod startMethodTest -->
  <testcase name="@AfterMethod endMethodTest" time="0.0" classname="com.selenium.xml.HomePage">
    <skipped/>
  </testcase> <!-- @AfterMethod endMethodTest -->
  <testcase name="loginTest" time="0.002" classname="com.selenium.xml.LoginPage">
    <skipped/>
  </testcase> <!-- loginTest -->
  <testcase name="getUrlTest" time="0.0" classname="com.selenium.xml.HomePage">
    <skipped/>
  </testcase> <!-- getUrlTest -->
  <testcase name="checkButtonTest" time="0.0" classname="com.selenium.xml.HomePage">
    <skipped/>
  </testcase> <!-- checkButtonTest -->
</testsuite> <!--  End to End -->
